{"/Users/henrymortimer/Projects/scavengerHuntApp/lib/eventHandler.js": {"path":"/Users/henrymortimer/Projects/scavengerHuntApp/lib/eventHandler.js","statementMap":{"0":{"start":{"line":1,"column":20},"end":{"line":1,"column":54}},"1":{"start":{"line":2,"column":29},"end":{"line":2,"column":68}},"2":{"start":{"line":3,"column":22},"end":{"line":3,"column":54}},"3":{"start":{"line":4,"column":11},"end":{"line":4,"column":24}},"4":{"start":{"line":6,"column":0},"end":{"line":43,"column":2}},"5":{"start":{"line":7,"column":2},"end":{"line":42,"column":3}},"6":{"start":{"line":8,"column":4},"end":{"line":14,"column":5}},"7":{"start":{"line":9,"column":6},"end":{"line":9,"column":57}},"8":{"start":{"line":10,"column":6},"end":{"line":13,"column":8}},"9":{"start":{"line":15,"column":20},"end":{"line":15,"column":39}},"10":{"start":{"line":16,"column":21},"end":{"line":16,"column":28}},"11":{"start":{"line":17,"column":4},"end":{"line":34,"column":5}},"12":{"start":{"line":18,"column":6},"end":{"line":22,"column":8}},"13":{"start":{"line":23,"column":11},"end":{"line":34,"column":5}},"14":{"start":{"line":24,"column":6},"end":{"line":24,"column":43}},"15":{"start":{"line":25,"column":11},"end":{"line":34,"column":5}},"16":{"start":{"line":26,"column":6},"end":{"line":26,"column":36}},"17":{"start":{"line":28,"column":6},"end":{"line":28,"column":40}},"18":{"start":{"line":29,"column":6},"end":{"line":29,"column":25}},"19":{"start":{"line":30,"column":6},"end":{"line":33,"column":8}},"20":{"start":{"line":36,"column":4},"end":{"line":36,"column":23}},"21":{"start":{"line":37,"column":4},"end":{"line":37,"column":25}},"22":{"start":{"line":38,"column":4},"end":{"line":41,"column":6}},"23":{"start":{"line":45,"column":21},"end":{"line":52,"column":1}},"24":{"start":{"line":46,"column":28},"end":{"line":46,"column":33}},"25":{"start":{"line":47,"column":2},"end":{"line":49,"column":3}},"26":{"start":{"line":48,"column":4},"end":{"line":48,"column":34}},"27":{"start":{"line":51,"column":2},"end":{"line":51,"column":26}},"28":{"start":{"line":54,"column":25},"end":{"line":61,"column":1}},"29":{"start":{"line":55,"column":22},"end":{"line":55,"column":36}},"30":{"start":{"line":56,"column":2},"end":{"line":58,"column":3}},"31":{"start":{"line":57,"column":4},"end":{"line":57,"column":63}},"32":{"start":{"line":60,"column":2},"end":{"line":60,"column":29}}},"fnMap":{"0":{"name":"(anonymous_0)","decl":{"start":{"line":6,"column":17},"end":{"line":6,"column":18}},"loc":{"start":{"line":6,"column":32},"end":{"line":43,"column":1}},"line":6},"1":{"name":"(anonymous_1)","decl":{"start":{"line":45,"column":21},"end":{"line":45,"column":22}},"loc":{"start":{"line":45,"column":30},"end":{"line":52,"column":1}},"line":45},"2":{"name":"(anonymous_2)","decl":{"start":{"line":54,"column":25},"end":{"line":54,"column":26}},"loc":{"start":{"line":54,"column":33},"end":{"line":61,"column":1}},"line":54}},"branchMap":{"0":{"loc":{"start":{"line":8,"column":4},"end":{"line":14,"column":5}},"type":"if","locations":[{"start":{"line":8,"column":4},"end":{"line":14,"column":5}},{"start":{"line":8,"column":4},"end":{"line":14,"column":5}}],"line":8},"1":{"loc":{"start":{"line":17,"column":4},"end":{"line":34,"column":5}},"type":"if","locations":[{"start":{"line":17,"column":4},"end":{"line":34,"column":5}},{"start":{"line":17,"column":4},"end":{"line":34,"column":5}}],"line":17},"2":{"loc":{"start":{"line":23,"column":11},"end":{"line":34,"column":5}},"type":"if","locations":[{"start":{"line":23,"column":11},"end":{"line":34,"column":5}},{"start":{"line":23,"column":11},"end":{"line":34,"column":5}}],"line":23},"3":{"loc":{"start":{"line":25,"column":11},"end":{"line":34,"column":5}},"type":"if","locations":[{"start":{"line":25,"column":11},"end":{"line":34,"column":5}},{"start":{"line":25,"column":11},"end":{"line":34,"column":5}}],"line":25},"4":{"loc":{"start":{"line":47,"column":2},"end":{"line":49,"column":3}},"type":"if","locations":[{"start":{"line":47,"column":2},"end":{"line":49,"column":3}},{"start":{"line":47,"column":2},"end":{"line":49,"column":3}}],"line":47},"5":{"loc":{"start":{"line":56,"column":2},"end":{"line":58,"column":3}},"type":"if","locations":[{"start":{"line":56,"column":2},"end":{"line":58,"column":3}},{"start":{"line":56,"column":2},"end":{"line":58,"column":3}}],"line":56}},"s":{"0":1,"1":1,"2":1,"3":1,"4":1,"5":3,"6":3,"7":1,"8":1,"9":2,"10":2,"11":2,"12":0,"13":2,"14":1,"15":1,"16":1,"17":0,"18":0,"19":0,"20":0,"21":0,"22":0,"23":1,"24":2,"25":2,"26":1,"27":1,"28":1,"29":1,"30":1,"31":0,"32":1},"f":{"0":3,"1":2,"2":1},"b":{"0":[1,2],"1":[0,2],"2":[1,1],"3":[1,0],"4":[1,1],"5":[0,1]},"_coverageSchema":"43e27e138ebf9cfc5966b082cf9a028302ed4184","hash":"13fa1b5a99792363a8c7d8050d05f75bae84fe6a"}
,"/Users/henrymortimer/Projects/scavengerHuntApp/lib/sheets.js": {"path":"/Users/henrymortimer/Projects/scavengerHuntApp/lib/sheets.js","statementMap":{"0":{"start":{"line":1,"column":19},"end":{"line":1,"column":40}},"1":{"start":{"line":3,"column":0},"end":{"line":30,"column":2}},"2":{"start":{"line":4,"column":36},"end":{"line":4,"column":39}},"3":{"start":{"line":5,"column":14},"end":{"line":5,"column":47}},"4":{"start":{"line":7,"column":20},"end":{"line":15,"column":4}},"5":{"start":{"line":16,"column":17},"end":{"line":16,"column":66}},"6":{"start":{"line":18,"column":2},"end":{"line":29,"column":4}},"7":{"start":{"line":19,"column":4},"end":{"line":19,"column":47}},"8":{"start":{"line":20,"column":21},"end":{"line":22,"column":5}},"9":{"start":{"line":23,"column":4},"end":{"line":28,"column":7}}},"fnMap":{"0":{"name":"(anonymous_0)","decl":{"start":{"line":3,"column":17},"end":{"line":3,"column":18}},"loc":{"start":{"line":3,"column":24},"end":{"line":30,"column":1}},"line":3},"1":{"name":"(anonymous_1)","decl":{"start":{"line":18,"column":9},"end":{"line":18,"column":10}},"loc":{"start":{"line":18,"column":47},"end":{"line":29,"column":3}},"line":18}},"branchMap":{},"s":{"0":0,"1":0,"2":0,"3":0,"4":0,"5":0,"6":0,"7":0,"8":0,"9":0},"f":{"0":0,"1":0},"b":{},"hash":"219149d5f3a64846987afbe2304f35aefcad313d"}
,"/Users/henrymortimer/Projects/scavengerHuntApp/lib/slack/actionHandler.js": {"path":"/Users/henrymortimer/Projects/scavengerHuntApp/lib/slack/actionHandler.js","statementMap":{"0":{"start":{"line":1,"column":0},"end":{"line":1,"column":26}}},"fnMap":{"0":{"name":"(anonymous_0)","decl":{"start":{"line":1,"column":17},"end":{"line":1,"column":18}},"loc":{"start":{"line":1,"column":23},"end":{"line":1,"column":25}},"line":1}},"branchMap":{},"s":{"0":1},"f":{"0":0},"b":{},"_coverageSchema":"43e27e138ebf9cfc5966b082cf9a028302ed4184","hash":"c221348fcfe167031972dffa383dff44abf6a288"}
,"/Users/henrymortimer/Projects/scavengerHuntApp/lib/slack/appMention.js": {"path":"/Users/henrymortimer/Projects/scavengerHuntApp/lib/slack/appMention.js","statementMap":{"0":{"start":{"line":1,"column":12},"end":{"line":1,"column":30}},"1":{"start":{"line":2,"column":14},"end":{"line":2,"column":39}},"2":{"start":{"line":3,"column":17},"end":{"line":3,"column":41}},"3":{"start":{"line":5,"column":0},"end":{"line":53,"column":2}},"4":{"start":{"line":6,"column":2},"end":{"line":6,"column":45}},"5":{"start":{"line":7,"column":14},"end":{"line":7,"column":27}},"6":{"start":{"line":9,"column":38},"end":{"line":9,"column":53}},"7":{"start":{"line":10,"column":16},"end":{"line":10,"column":32}},"8":{"start":{"line":11,"column":2},"end":{"line":48,"column":3}},"9":{"start":{"line":12,"column":25},"end":{"line":12,"column":33}},"10":{"start":{"line":14,"column":23},"end":{"line":28,"column":5}},"11":{"start":{"line":30,"column":4},"end":{"line":30,"column":48}},"12":{"start":{"line":32,"column":23},"end":{"line":45,"column":5}},"13":{"start":{"line":47,"column":4},"end":{"line":47,"column":48}},"14":{"start":{"line":49,"column":2},"end":{"line":52,"column":4}}},"fnMap":{"0":{"name":"(anonymous_0)","decl":{"start":{"line":5,"column":17},"end":{"line":5,"column":18}},"loc":{"start":{"line":5,"column":36},"end":{"line":53,"column":1}},"line":5}},"branchMap":{"0":{"loc":{"start":{"line":11,"column":2},"end":{"line":48,"column":3}},"type":"if","locations":[{"start":{"line":11,"column":2},"end":{"line":48,"column":3}},{"start":{"line":11,"column":2},"end":{"line":48,"column":3}}],"line":11}},"s":{"0":2,"1":2,"2":2,"3":2,"4":2,"5":2,"6":2,"7":2,"8":2,"9":1,"10":1,"11":1,"12":1,"13":1,"14":2},"f":{"0":2},"b":{"0":[1,1]},"_coverageSchema":"43e27e138ebf9cfc5966b082cf9a028302ed4184","hash":"cce9dfa2a73c6ae7f9ec1820cc4da12df9cd515c"}
,"/Users/henrymortimer/Projects/scavengerHuntApp/lib/slack/eventCallbackHandler.js": {"path":"/Users/henrymortimer/Projects/scavengerHuntApp/lib/slack/eventCallbackHandler.js","statementMap":{"0":{"start":{"line":1,"column":19},"end":{"line":1,"column":42}},"1":{"start":{"line":3,"column":0},"end":{"line":15,"column":2}},"2":{"start":{"line":4,"column":20},"end":{"line":4,"column":38}},"3":{"start":{"line":5,"column":2},"end":{"line":14,"column":3}},"4":{"start":{"line":6,"column":4},"end":{"line":6,"column":31}},"5":{"start":{"line":8,"column":4},"end":{"line":8,"column":47}},"6":{"start":{"line":9,"column":4},"end":{"line":9,"column":25}},"7":{"start":{"line":10,"column":4},"end":{"line":13,"column":6}}},"fnMap":{"0":{"name":"(anonymous_0)","decl":{"start":{"line":3,"column":17},"end":{"line":3,"column":18}},"loc":{"start":{"line":3,"column":28},"end":{"line":15,"column":1}},"line":3}},"branchMap":{"0":{"loc":{"start":{"line":5,"column":2},"end":{"line":14,"column":3}},"type":"if","locations":[{"start":{"line":5,"column":2},"end":{"line":14,"column":3}},{"start":{"line":5,"column":2},"end":{"line":14,"column":3}}],"line":5}},"s":{"0":1,"1":1,"2":0,"3":0,"4":0,"5":0,"6":0,"7":0},"f":{"0":0},"b":{"0":[0,0]},"_coverageSchema":"43e27e138ebf9cfc5966b082cf9a028302ed4184","hash":"cfa402560d3eb60603dede3ff4439add2143f002"}
,"/Users/henrymortimer/Projects/scavengerHuntApp/lib/slack/verifySignature.js": {"path":"/Users/henrymortimer/Projects/scavengerHuntApp/lib/slack/verifySignature.js","statementMap":{"0":{"start":{"line":1,"column":15},"end":{"line":1,"column":32}},"1":{"start":{"line":2,"column":16},"end":{"line":2,"column":20}},"2":{"start":{"line":4,"column":0},"end":{"line":19,"column":2}},"3":{"start":{"line":5,"column":22},"end":{"line":5,"column":49}},"4":{"start":{"line":6,"column":15},"end":{"line":6,"column":55}},"5":{"start":{"line":7,"column":20},"end":{"line":7,"column":62}},"6":{"start":{"line":8,"column":19},"end":{"line":8,"column":24}},"7":{"start":{"line":9,"column":26},"end":{"line":9,"column":43}},"8":{"start":{"line":10,"column":2},"end":{"line":12,"column":3}},"9":{"start":{"line":11,"column":4},"end":{"line":11,"column":17}},"10":{"start":{"line":14,"column":24},"end":{"line":14,"column":62}},"11":{"start":{"line":15,"column":2},"end":{"line":15,"column":29}},"12":{"start":{"line":16,"column":20},"end":{"line":16,"column":46}},"13":{"start":{"line":18,"column":2},"end":{"line":18,"column":58}}},"fnMap":{"0":{"name":"(anonymous_0)","decl":{"start":{"line":4,"column":17},"end":{"line":4,"column":18}},"loc":{"start":{"line":4,"column":26},"end":{"line":19,"column":1}},"line":4}},"branchMap":{"0":{"loc":{"start":{"line":10,"column":2},"end":{"line":12,"column":3}},"type":"if","locations":[{"start":{"line":10,"column":2},"end":{"line":12,"column":3}},{"start":{"line":10,"column":2},"end":{"line":12,"column":3}}],"line":10}},"s":{"0":1,"1":1,"2":1,"3":0,"4":0,"5":0,"6":0,"7":0,"8":0,"9":0,"10":0,"11":0,"12":0,"13":0},"f":{"0":0},"b":{"0":[0,0]},"_coverageSchema":"43e27e138ebf9cfc5966b082cf9a028302ed4184","hash":"f72a6a426e795535ced87108f7379b85c491bee4"}
}
