TN:
SF:/Users/henrymortimer/Projects/scavengerHuntApp/lib/eventHandler.js
FN:6,(anonymous_0)
FN:45,(anonymous_1)
FN:54,(anonymous_2)
FNF:3
FNH:3
FNDA:3,(anonymous_0)
FNDA:2,(anonymous_1)
FNDA:1,(anonymous_2)
DA:1,1
DA:2,1
DA:3,1
DA:4,1
DA:6,1
DA:7,3
DA:8,3
DA:9,1
DA:10,1
DA:15,2
DA:16,2
DA:17,2
DA:18,0
DA:23,2
DA:24,1
DA:25,1
DA:26,1
DA:28,0
DA:29,0
DA:30,0
DA:36,0
DA:37,0
DA:38,0
DA:45,1
DA:46,2
DA:47,2
DA:48,1
DA:51,1
DA:54,1
DA:55,1
DA:56,1
DA:57,0
DA:60,1
LF:33
LH:25
BRDA:8,0,0,1
BRDA:8,0,1,2
BRDA:17,1,0,0
BRDA:17,1,1,2
BRDA:23,2,0,1
BRDA:23,2,1,1
BRDA:25,3,0,1
BRDA:25,3,1,0
BRDA:47,4,0,1
BRDA:47,4,1,1
BRDA:56,5,0,0
BRDA:56,5,1,1
BRF:12
BRH:9
end_of_record
TN:
SF:/Users/henrymortimer/Projects/scavengerHuntApp/lib/sheets.js
FN:3,(anonymous_0)
FN:18,(anonymous_1)
FNF:2
FNH:0
FNDA:0,(anonymous_0)
FNDA:0,(anonymous_1)
DA:1,0
DA:3,0
DA:4,0
DA:5,0
DA:7,0
DA:16,0
DA:18,0
DA:19,0
DA:20,0
DA:23,0
LF:10
LH:0
BRF:0
BRH:0
end_of_record
TN:
SF:/Users/henrymortimer/Projects/scavengerHuntApp/lib/slack/actionHandler.js
FN:1,(anonymous_0)
FNF:1
FNH:0
FNDA:0,(anonymous_0)
DA:1,1
LF:1
LH:1
BRF:0
BRH:0
end_of_record
TN:
SF:/Users/henrymortimer/Projects/scavengerHuntApp/lib/slack/appMention.js
FN:5,(anonymous_0)
FNF:1
FNH:1
FNDA:2,(anonymous_0)
DA:1,2
DA:2,2
DA:3,2
DA:5,2
DA:6,2
DA:7,2
DA:9,2
DA:10,2
DA:11,2
DA:12,1
DA:14,1
DA:30,1
DA:32,1
DA:47,1
DA:49,2
LF:15
LH:15
BRDA:11,0,0,1
BRDA:11,0,1,1
BRF:2
BRH:2
end_of_record
TN:
SF:/Users/henrymortimer/Projects/scavengerHuntApp/lib/slack/eventCallbackHandler.js
FN:3,(anonymous_0)
FNF:1
FNH:0
FNDA:0,(anonymous_0)
DA:1,1
DA:3,1
DA:4,0
DA:5,0
DA:6,0
DA:8,0
DA:9,0
DA:10,0
LF:8
LH:2
BRDA:5,0,0,0
BRDA:5,0,1,0
BRF:2
BRH:0
end_of_record
TN:
SF:/Users/henrymortimer/Projects/scavengerHuntApp/lib/slack/verifySignature.js
FN:4,(anonymous_0)
FNF:1
FNH:0
FNDA:0,(anonymous_0)
DA:1,1
DA:2,1
DA:4,1
DA:5,0
DA:6,0
DA:7,0
DA:8,0
DA:9,0
DA:10,0
DA:11,0
DA:14,0
DA:15,0
DA:16,0
DA:18,0
LF:14
LH:3
BRDA:10,0,0,0
BRDA:10,0,1,0
BRF:2
BRH:0
end_of_record
